2025-06-12T08:51:26.309Z [info]: POST /login - ::1
2025-06-12T08:51:40.516Z [info]: POST /login - ::1
2025-06-12T08:56:18.538Z [warn]: User couldn't log in
2025-06-12T08:56:22.730Z [warn]: User couldn't log in
2025-06-12T08:56:33.076Z [info]: User logged in successfully
2025-06-12T08:57:08.832Z [info]: User logged in successfully
2025-06-12T09:22:43.254Z [warn]: User couldn't log in
2025-06-12T09:22:58.080Z [info]: User logged in successfully
2025-06-12T09:25:19.493Z [warn]: User couldn't log in with parameters
2025-06-12T09:25:34.993Z [info]: User logged in successfully with parameters:
2025-06-12T09:28:50.054Z [info]: User logged in successfully with parameters:  {"username":"admin","password":"password","token":"eyJhbGciOiJIUzI1NiIsInR5cCI6IkpXVCJ9.eyJ1c2VybmFtZSI6ImFkbWluIiwiaWF0IjoxNzQ5NzIwNTMwLCJleHAiOjE3NDk4MDY5MzB9.c3hb0Ib8-PJj-zv7x56w-4H2B3vAeHRBTjKISdgiolo"}
2025-06-12T09:38:16.399Z [warn]: User couldn't log in with parameters: {"username":"string"}
2025-06-12T09:38:42.280Z [info]: User logged in successfully with parameters: {"username":"erick.valencia@bauermediaoutdoor.com","token":"eyJhbGciOiJIUzI1NiIsInR5cCI6IkpXVCJ9.eyJ1c2VybmFtZSI6ImVyaWNrLnZhbGVuY2lhQGJhdWVybWVkaWFvdXRkb29yLmNvbSIsImlhdCI6MTc0OTcyMTEyMiwiZXhwIjoxNzQ5ODA3NTIyfQ.WJfcxIQ8VVZdXjE_lod3iZalvvLK-z8QHYicHso1sNk"}
2025-06-12T09:38:51.647Z [warn]: User couldn't log in with parameters: {"username":"erick.dede@bauermediaoutdoor.com"}
2025-06-12T10:12:06.732Z [warn]: User couldn't log in with parameters: {"username":"string"}
2025-06-12T10:12:07.900Z [warn]: User couldn't log in with parameters: {"username":"string"}
2025-06-12T10:12:30.348Z [info]: User logged in successfully with parameters: {"username":"erick.valencia@bauermediaoutdoor.com","token":"eyJhbGciOiJIUzI1NiIsInR5cCI6IkpXVCJ9.eyJ1c2VybmFtZSI6ImVyaWNrLnZhbGVuY2lhQGJhdWVybWVkaWFvdXRkb29yLmNvbSIsImlhdCI6MTc0OTcyMzE1MCwiZXhwIjoxNzQ5ODA5NTUwfQ.aM7pEtMvkGH34s15b1J7eJF8lDLkQYj_iTedOrcPeC0"}
2025-06-12T10:12:48.331Z [info]: POST /data/users - ::1 
2025-06-12T10:43:08.022Z [info]: POST /login - ::1 
2025-06-12T10:51:08.674Z [warn]: User couldn't log in with parameters: {"username":"string"}
2025-06-12T10:52:00.277Z [info]: User logged in successfully with parameters: {"username":"erick.valencia@bauermediaoutdoor.com","token":"eyJhbGciOiJIUzI1NiIsInR5cCI6IkpXVCJ9.eyJ1c2VybmFtZSI6ImVyaWNrLnZhbGVuY2lhQGJhdWVybWVkaWFvdXRkb29yLmNvbSIsImlhdCI6MTc0OTcyNTUyMCwiZXhwIjoxNzQ5ODExOTIwfQ.4ir-9g-GhVwmTM4IcAidEMuXa9rxw2H4Mu1JsE_o8wU"}
2025-06-12T10:52:58.007Z [warn]: User couldn't log in with parameters: {"username":"paco.moreno@bauer.com"}
